app/build/intermediates/manifest_merge_blame_file/debug/processDebugMainManifest/manifest-merger-blame-debug-report.txt
1<?xml version="1.0" encoding="utf-8"?>
2<manifest xmlns:android="http://schemas.android.com/apk/res/android"
3    package="com.example.fitpet"
4    android:versionCode="1"
5    android:versionName="1.0" >
6
7    <uses-sdk
8        android:minSdkVersion="24"
9        android:targetSdkVersion="35" />
10
11    <uses-permission android:name="android.permission.INTERNET" />
11-->src\main\AndroidManifest.xml:3:5-66
11-->src\main\AndroidManifest.xml:3:22-64
12
13    <permission
13-->[androidx.core:core:1.13.0] AndroidManifest.xml:22:5-24:47
14        android:name="com.example.fitpet.DYNAMIC_RECEIVER_NOT_EXPORTED_PERMISSION"
14-->[androidx.core:core:1.13.0] AndroidManifest.xml:23:9-81
15        android:protectionLevel="signature" />
15-->[androidx.core:core:1.13.0] AndroidManifest.xml:24:9-44
16
17    <uses-permission android:name="com.example.fitpet.DYNAMIC_RECEIVER_NOT_EXPORTED_PERMISSION" />
17-->[androidx.core:core:1.13.0] AndroidManifest.xml:26:5-97
17-->[androidx.core:core:1.13.0] AndroidManifest.xml:26:22-94
18
19    <application
19-->src\main\AndroidManifest.xml:5:5-55:19
20        android:allowBackup="true"
20-->src\main\AndroidManifest.xml:6:9-35
21        android:appComponentFactory="androidx.core.app.CoreComponentFactory"
21-->[androidx.core:core:1.13.0] AndroidManifest.xml:28:18-86
22        android:debuggable="true"
23        android:extractNativeLibs="false"
24        android:icon="@drawable/logofitpet"
24-->src\main\AndroidManifest.xml:7:9-44
25        android:label="@string/app_name"
25-->src\main\AndroidManifest.xml:8:9-41
26        android:roundIcon="@drawable/logofitpet"
26-->src\main\AndroidManifest.xml:9:9-49
27        android:supportsRtl="true"
27-->src\main\AndroidManifest.xml:10:9-35
28        android:testOnly="true"
29        android:theme="@style/Theme.FitPet" >
29-->src\main\AndroidManifest.xml:11:9-44
30        <activity
30-->src\main\AndroidManifest.xml:13:9-20:20
31            android:name="com.example.fitpet.MainActivity"
31-->src\main\AndroidManifest.xml:14:13-41
32            android:exported="true" >
32-->src\main\AndroidManifest.xml:15:13-36
33            <intent-filter>
33-->src\main\AndroidManifest.xml:16:13-19:29
34                <action android:name="android.intent.action.MAIN" />
34-->src\main\AndroidManifest.xml:17:17-68
34-->src\main\AndroidManifest.xml:17:25-66
35
36                <category android:name="android.intent.category.LAUNCHER" />
36-->src\main\AndroidManifest.xml:18:17-76
36-->src\main\AndroidManifest.xml:18:27-74
37            </intent-filter>
38        </activity>
39        <activity
39-->src\main\AndroidManifest.xml:22:9-24:40
40            android:name="com.example.fitpet.CatalogoActivity"
40-->src\main\AndroidManifest.xml:23:13-45
41            android:exported="false" />
41-->src\main\AndroidManifest.xml:24:13-37
42        <activity
42-->src\main\AndroidManifest.xml:26:9-28:40
43            android:name="com.example.fitpet.RutinaDetalleActivity"
43-->src\main\AndroidManifest.xml:27:13-50
44            android:exported="false" />
44-->src\main\AndroidManifest.xml:28:13-37
45        <activity
45-->src\main\AndroidManifest.xml:30:9-32:40
46            android:name="com.example.fitpet.RegistroActivity"
46-->src\main\AndroidManifest.xml:31:13-45
47            android:exported="false" />
47-->src\main\AndroidManifest.xml:32:13-37
48        <activity
48-->src\main\AndroidManifest.xml:34:9-36:40
49            android:name="com.example.fitpet.LoginActivity"
49-->src\main\AndroidManifest.xml:35:13-42
50            android:exported="false" />
50-->src\main\AndroidManifest.xml:36:13-37
51        <activity
51-->src\main\AndroidManifest.xml:38:9-40:40
52            android:name="com.example.fitpet.AdminMenuActivity"
52-->src\main\AndroidManifest.xml:39:13-46
53            android:exported="false" />
53-->src\main\AndroidManifest.xml:40:13-37
54        <activity
54-->src\main\AndroidManifest.xml:42:9-44:40
55            android:name="com.example.fitpet.AgregarAdminActivity"
55-->src\main\AndroidManifest.xml:43:13-49
56            android:exported="false" />
56-->src\main\AndroidManifest.xml:44:13-37
57        <activity
57-->src\main\AndroidManifest.xml:46:9-48:40
58            android:name="com.example.fitpet.AprobarVeterinariosActivity"
58-->src\main\AndroidManifest.xml:47:13-56
59            android:exported="false" />
59-->src\main\AndroidManifest.xml:48:13-37
60
61        <!-- Agrega aquí la nueva actividad para veterinarios -->
62        <activity
62-->src\main\AndroidManifest.xml:51:9-53:40
63            android:name="com.example.fitpet.VeterinariosActivity"
63-->src\main\AndroidManifest.xml:52:13-49
64            android:exported="false" />
64-->src\main\AndroidManifest.xml:53:13-37
65
66        <service
66-->[androidx.room:room-runtime:2.6.1] AndroidManifest.xml:24:9-28:63
67            android:name="androidx.room.MultiInstanceInvalidationService"
67-->[androidx.room:room-runtime:2.6.1] AndroidManifest.xml:25:13-74
68            android:directBootAware="true"
68-->[androidx.room:room-runtime:2.6.1] AndroidManifest.xml:26:13-43
69            android:exported="false" />
69-->[androidx.room:room-runtime:2.6.1] AndroidManifest.xml:27:13-37
70
71        <provider
71-->[androidx.emoji2:emoji2:1.3.0] AndroidManifest.xml:24:9-32:20
72            android:name="androidx.startup.InitializationProvider"
72-->[androidx.emoji2:emoji2:1.3.0] AndroidManifest.xml:25:13-67
73            android:authorities="com.example.fitpet.androidx-startup"
73-->[androidx.emoji2:emoji2:1.3.0] AndroidManifest.xml:26:13-68
74            android:exported="false" >
74-->[androidx.emoji2:emoji2:1.3.0] AndroidManifest.xml:27:13-37
75            <meta-data
75-->[androidx.emoji2:emoji2:1.3.0] AndroidManifest.xml:29:13-31:52
76                android:name="androidx.emoji2.text.EmojiCompatInitializer"
76-->[androidx.emoji2:emoji2:1.3.0] AndroidManifest.xml:30:17-75
77                android:value="androidx.startup" />
77-->[androidx.emoji2:emoji2:1.3.0] AndroidManifest.xml:31:17-49
78            <meta-data
78-->[androidx.lifecycle:lifecycle-process:2.6.2] AndroidManifest.xml:29:13-31:52
79                android:name="androidx.lifecycle.ProcessLifecycleInitializer"
79-->[androidx.lifecycle:lifecycle-process:2.6.2] AndroidManifest.xml:30:17-78
80                android:value="androidx.startup" />
80-->[androidx.lifecycle:lifecycle-process:2.6.2] AndroidManifest.xml:31:17-49
81            <meta-data
81-->[androidx.profileinstaller:profileinstaller:1.4.0] AndroidManifest.xml:29:13-31:52
82                android:name="androidx.profileinstaller.ProfileInstallerInitializer"
82-->[androidx.profileinstaller:profileinstaller:1.4.0] AndroidManifest.xml:30:17-85
83                android:value="androidx.startup" />
83-->[androidx.profileinstaller:profileinstaller:1.4.0] AndroidManifest.xml:31:17-49
84        </provider>
85
86        <receiver
86-->[androidx.profileinstaller:profileinstaller:1.4.0] AndroidManifest.xml:34:9-52:20
87            android:name="androidx.profileinstaller.ProfileInstallReceiver"
87-->[androidx.profileinstaller:profileinstaller:1.4.0] AndroidManifest.xml:35:13-76
88            android:directBootAware="false"
88-->[androidx.profileinstaller:profileinstaller:1.4.0] AndroidManifest.xml:36:13-44
89            android:enabled="true"
89-->[androidx.profileinstaller:profileinstaller:1.4.0] AndroidManifest.xml:37:13-35
90            android:exported="true"
90-->[androidx.profileinstaller:profileinstaller:1.4.0] AndroidManifest.xml:38:13-36
91            android:permission="android.permission.DUMP" >
91-->[androidx.profileinstaller:profileinstaller:1.4.0] AndroidManifest.xml:39:13-57
92            <intent-filter>
92-->[androidx.profileinstaller:profileinstaller:1.4.0] AndroidManifest.xml:40:13-42:29
93                <action android:name="androidx.profileinstaller.action.INSTALL_PROFILE" />
93-->[androidx.profileinstaller:profileinstaller:1.4.0] AndroidManifest.xml:41:17-91
93-->[androidx.profileinstaller:profileinstaller:1.4.0] AndroidManifest.xml:41:25-88
94            </intent-filter>
95            <intent-filter>
95-->[androidx.profileinstaller:profileinstaller:1.4.0] AndroidManifest.xml:43:13-45:29
96                <action android:name="androidx.profileinstaller.action.SKIP_FILE" />
96-->[androidx.profileinstaller:profileinstaller:1.4.0] AndroidManifest.xml:44:17-85
96-->[androidx.profileinstaller:profileinstaller:1.4.0] AndroidManifest.xml:44:25-82
97            </intent-filter>
98            <intent-filter>
98-->[androidx.profileinstaller:profileinstaller:1.4.0] AndroidManifest.xml:46:13-48:29
99                <action android:name="androidx.profileinstaller.action.SAVE_PROFILE" />
99-->[androidx.profileinstaller:profileinstaller:1.4.0] AndroidManifest.xml:47:17-88
99-->[androidx.profileinstaller:profileinstaller:1.4.0] AndroidManifest.xml:47:25-85
100            </intent-filter>
101            <intent-filter>
101-->[androidx.profileinstaller:profileinstaller:1.4.0] AndroidManifest.xml:49:13-51:29
102                <action android:name="androidx.profileinstaller.action.BENCHMARK_OPERATION" />
102-->[androidx.profileinstaller:profileinstaller:1.4.0] AndroidManifest.xml:50:17-95
102-->[androidx.profileinstaller:profileinstaller:1.4.0] AndroidManifest.xml:50:25-92
103            </intent-filter>
104        </receiver>
105    </application>
106
107</manifest>